Using pre-set license
Built from '6000.0/staging' branch; Version is '6000.0.41f1 (46e447368a18) revision 4645959'; Using compiler version '193933523'; Build Type 'Release'
OS: 'Windows 11  (10.0.26100) 64bit Core' Language: 'ko' Physical Memory: 32373 MB
BatchMode: 1, IsHumanControllingUs: 0, StartBugReporterOnCrash: 0, Is64bit: 1, IsPro: 1

COMMAND LINE ARGUMENTS:
C:\Program Files\Unity\Hub\Editor\6000.0.41f1\Editor\Unity.exe
-adb2
-batchMode
-noUpm
-name
AssetImportWorker0
-projectPath
C:/Users/joybb/OneDrive/문서/GitHub/BeforeSheWakes/Before She Wakes
-logFile
Logs/AssetImportWorker0.log
-srvPort
61402
-job-worker-count
5
-background-job-worker-count
8
-gc-helper-count
1
Successfully changed project path to: C:/Users/joybb/OneDrive/문서/GitHub/BeforeSheWakes/Before She Wakes
C:/Users/joybb/OneDrive/문서/GitHub/BeforeSheWakes/Before She Wakes
[UnityMemory] Configuration Parameters - Can be set up in boot.config
    "memorysetup-bucket-allocator-granularity=16"
    "memorysetup-bucket-allocator-bucket-count=8"
    "memorysetup-bucket-allocator-block-size=33554432"
    "memorysetup-bucket-allocator-block-count=8"
    "memorysetup-main-allocator-block-size=16777216"
    "memorysetup-thread-allocator-block-size=16777216"
    "memorysetup-gfx-main-allocator-block-size=16777216"
    "memorysetup-gfx-thread-allocator-block-size=16777216"
    "memorysetup-cache-allocator-block-size=4194304"
    "memorysetup-typetree-allocator-block-size=2097152"
    "memorysetup-profiler-bucket-allocator-granularity=16"
    "memorysetup-profiler-bucket-allocator-bucket-count=8"
    "memorysetup-profiler-bucket-allocator-block-size=33554432"
    "memorysetup-profiler-bucket-allocator-block-count=8"
    "memorysetup-profiler-allocator-block-size=16777216"
    "memorysetup-profiler-editor-allocator-block-size=1048576"
    "memorysetup-temp-allocator-size-main=16777216"
    "memorysetup-job-temp-allocator-block-size=2097152"
    "memorysetup-job-temp-allocator-block-size-background=1048576"
    "memorysetup-job-temp-allocator-reduction-small-platforms=262144"
    "memorysetup-allocator-temp-initial-block-size-main=262144"
    "memorysetup-allocator-temp-initial-block-size-worker=262144"
    "memorysetup-temp-allocator-size-background-worker=32768"
    "memorysetup-temp-allocator-size-job-worker=262144"
    "memorysetup-temp-allocator-size-preload-manager=33554432"
    "memorysetup-temp-allocator-size-nav-mesh-worker=65536"
    "memorysetup-temp-allocator-size-audio-worker=65536"
    "memorysetup-temp-allocator-size-cloud-worker=32768"
    "memorysetup-temp-allocator-size-gi-baking-worker=262144"
    "memorysetup-temp-allocator-size-gi-baking-worker=262144"
    "memorysetup-temp-allocator-size-gi-baking-worker=262144"
    "memorysetup-temp-allocator-size-gi-baking-worker=262144"
    "memorysetup-temp-allocator-size-gi-baking-worker=262144"
    "memorysetup-temp-allocator-size-gfx=262144"
Player connection [23816]  Target information:

Player connection [23816]  * "[IP] 121.187.154.53 [Port] 0 [Flags] 2 [Guid] 44355553 [EditorId] 44355553 [Version] 1048832 [Id] WindowsEditor(7,SigmaBboy) [Debug] 1 [PackageName] WindowsEditor [ProjectName] Editor" 

Player connection [23816]  * "[IP] 192.168.152.1 [Port] 0 [Flags] 2 [Guid] 44355553 [EditorId] 44355553 [Version] 1048832 [Id] WindowsEditor(7,SigmaBboy) [Debug] 1 [PackageName] WindowsEditor [ProjectName] Editor" 

Player connection [23816]  * "[IP] 192.168.216.1 [Port] 0 [Flags] 2 [Guid] 44355553 [EditorId] 44355553 [Version] 1048832 [Id] WindowsEditor(7,SigmaBboy) [Debug] 1 [PackageName] WindowsEditor [ProjectName] Editor" 

Player connection [23816] Host joined multi-casting on [225.0.0.222:54997]...
Player connection [23816] Host joined alternative multi-casting on [225.0.0.222:34997]...
JobSystem: Creating JobQueue using job-worker-count value 5
Input System module state changed to: Initialized.
[Physics::Module] Initialized fallback backend.
[Physics::Module] Id: 0xdecafbad
Library Redirect Path: Library/
[Physics::Module] Selected backend.
[Physics::Module] Name: PhysX
[Physics::Module] Id: 0xf2b8ea05
[Physics::Module] SDK Version: 4.1.2
[Physics::Module] Integration Version: 1.0.0
[Physics::Module] Threading Mode: Multi-Threaded
Refreshing native plugins compatible for Editor in 1.73 ms, found 3 plugins.
Preloading 0 native plugins for Editor in 0.00 ms.
Initialize engine version: 6000.0.41f1 (46e447368a18)
[Subsystems] Discovering subsystems at path C:/Program Files/Unity/Hub/Editor/6000.0.41f1/Editor/Data/Resources/UnitySubsystems
[Subsystems] Discovering subsystems at path C:/Users/joybb/OneDrive/문서/GitHub/BeforeSheWakes/Before She Wakes/Assets
GfxDevice: creating device client; kGfxThreadingModeNonThreaded
Direct3D:
    Version:  Direct3D 11.0 [level 11.1]
    Renderer: NVIDIA GeForce RTX 4060 (ID=0x2882)
    Vendor:   NVIDIA
    VRAM:     7957 MB
    Driver:   32.0.15.7247
Initialize mono
Mono path[0] = 'C:/Program Files/Unity/Hub/Editor/6000.0.41f1/Editor/Data/Managed'
Mono path[1] = 'C:/Program Files/Unity/Hub/Editor/6000.0.41f1/Editor/Data/MonoBleedingEdge/lib/mono/unityjit-win32'
Mono config path = 'C:/Program Files/Unity/Hub/Editor/6000.0.41f1/Editor/Data/MonoBleedingEdge/etc'
Using monoOptions --debugger-agent=transport=dt_socket,embedding=1,server=y,suspend=n,address=127.0.0.1:56292
Begin MonoManager ReloadAssembly
Registering precompiled unity dll's ...
Register platform support module: C:/Program Files/Unity/Hub/Editor/6000.0.41f1/Editor/Data/PlaybackEngines/WebGLSupport/UnityEditor.WebGL.Extensions.dll
Register platform support module: C:/Program Files/Unity/Hub/Editor/6000.0.41f1/Editor/Data/PlaybackEngines/WindowsStandaloneSupport/UnityEditor.WindowsStandalone.Extensions.dll
Registered in 0.003682 seconds.
- Loaded All Assemblies, in  0.503 seconds
Native extension for WindowsStandalone target not found
Native extension for WebGL target not found
Mono: successfully reloaded assembly
- Finished resetting the current domain, in  0.330 seconds
Domain Reload Profiling: 831ms
	BeginReloadAssembly (174ms)
		ExecutionOrderSort (0ms)
		DisableScriptedObjects (0ms)
		BackupInstance (0ms)
		ReleaseScriptingObjects (0ms)
		CreateAndSetChildDomain (1ms)
	RebuildCommonClasses (73ms)
	RebuildNativeTypeToScriptingClass (21ms)
	initialDomainReloadingComplete (53ms)
	LoadAllAssembliesAndSetupDomain (179ms)
		LoadAssemblies (171ms)
		RebuildTransferFunctionScriptingTraits (0ms)
		AnalyzeDomain (175ms)
			TypeCache.Refresh (174ms)
				TypeCache.ScanAssembly (159ms)
			BuildScriptInfoCaches (0ms)
			ResolveRequiredComponents (0ms)
	FinalizeReload (331ms)
		ReleaseScriptCaches (0ms)
		RebuildScriptCaches (0ms)
		SetupLoadedEditorAssemblies (283ms)
			LogAssemblyErrors (0ms)
			InitializePlatformSupportModulesInManaged (24ms)
			SetLoadedEditorAssemblies (4ms)
			BeforeProcessingInitializeOnLoad (50ms)
			ProcessInitializeOnLoadAttributes (153ms)
			ProcessInitializeOnLoadMethodAttributes (52ms)
			AfterProcessingInitializeOnLoad (0ms)
			EditorAssembliesLoaded (0ms)
		ExecutionOrderSort2 (0ms)
		AwakeInstancesAfterBackupRestoration (0ms)
========================================================================
Worker process is ready to serve import requests
Import Worker Mode flag is 0x00
Begin MonoManager ReloadAssembly
- Loaded All Assemblies, in  0.758 seconds
Refreshing native plugins compatible for Editor in 0.83 ms, found 3 plugins.
Native extension for WindowsStandalone target not found
Native extension for WebGL target not found
Mono: successfully reloaded assembly
- Finished resetting the current domain, in  0.741 seconds
Domain Reload Profiling: 1495ms
	BeginReloadAssembly (176ms)
		ExecutionOrderSort (0ms)
		DisableScriptedObjects (5ms)
		BackupInstance (0ms)
		ReleaseScriptingObjects (0ms)
		CreateAndSetChildDomain (41ms)
	RebuildCommonClasses (35ms)
	RebuildNativeTypeToScriptingClass (11ms)
	initialDomainReloadingComplete (41ms)
	LoadAllAssembliesAndSetupDomain (491ms)
		LoadAssemblies (347ms)
		RebuildTransferFunctionScriptingTraits (0ms)
		AnalyzeDomain (241ms)
			TypeCache.Refresh (174ms)
				TypeCache.ScanAssembly (158ms)
			BuildScriptInfoCaches (54ms)
			ResolveRequiredComponents (8ms)
	FinalizeReload (742ms)
		ReleaseScriptCaches (0ms)
		RebuildScriptCaches (0ms)
		SetupLoadedEditorAssemblies (572ms)
			LogAssemblyErrors (0ms)
			InitializePlatformSupportModulesInManaged (3ms)
			SetLoadedEditorAssemblies (6ms)
			BeforeProcessingInitializeOnLoad (104ms)
			ProcessInitializeOnLoadAttributes (372ms)
			ProcessInitializeOnLoadMethodAttributes (83ms)
			AfterProcessingInitializeOnLoad (3ms)
			EditorAssembliesLoaded (0ms)
		ExecutionOrderSort2 (0ms)
		AwakeInstancesAfterBackupRestoration (4ms)
Launched and connected shader compiler UnityShaderCompiler.exe after 0.02 seconds
Refreshing native plugins compatible for Editor in 1.30 ms, found 3 plugins.
Preloading 0 native plugins for Editor in 0.00 ms.
Unloading 200 Unused Serialized files (Serialized files now loaded: 0)
Unloading 5964 unused Assets / (6.1 MB). Loaded Objects now: 6610.
Memory consumption went from 157.1 MB to 151.0 MB.
Total: 11.402700 ms (FindLiveObjects: 1.056000 ms CreateObjectMapping: 0.653500 ms MarkObjects: 5.868100 ms  DeleteObjects: 3.823900 ms)

========================================================================
Received Import Request.
  Time since last request: 30758.834723 seconds.
  path: Assets/LeartesStudios/Wills Room/Scene/WillsRoom_HDRP.unity
  artifactKey: Guid(3465baea89e75d74eb8e868aa452f5ce) Importer(815301076,1909f56bfc062723c751e8b465ee728b)
Start importing Assets/LeartesStudios/Wills Room/Scene/WillsRoom_HDRP.unity using Guid(3465baea89e75d74eb8e868aa452f5ce) Importer(815301076,1909f56bfc062723c751e8b465ee728b) (PreviewImporter) -> (artifact id: 'd406503394040e5e3945596177d17719') in 0.0038638 seconds
Number of updated asset objects reloaded before import = 0Number of asset objects unloaded after import = 0

========================================================================
Received Prepare
Begin MonoManager ReloadAssembly
- Loaded All Assemblies, in  0.568 seconds
Refreshing native plugins compatible for Editor in 0.54 ms, found 3 plugins.
Native extension for WindowsStandalone target not found
Native extension for WebGL target not found
Mono: successfully reloaded assembly
- Finished resetting the current domain, in  0.641 seconds
Domain Reload Profiling: 1210ms
	BeginReloadAssembly (182ms)
		ExecutionOrderSort (0ms)
		DisableScriptedObjects (7ms)
		BackupInstance (0ms)
		ReleaseScriptingObjects (0ms)
		CreateAndSetChildDomain (49ms)
	RebuildCommonClasses (29ms)
	RebuildNativeTypeToScriptingClass (10ms)
	initialDomainReloadingComplete (21ms)
	LoadAllAssembliesAndSetupDomain (326ms)
		LoadAssemblies (280ms)
		RebuildTransferFunctionScriptingTraits (0ms)
		AnalyzeDomain (131ms)
			TypeCache.Refresh (8ms)
				TypeCache.ScanAssembly (0ms)
			BuildScriptInfoCaches (114ms)
			ResolveRequiredComponents (7ms)
	FinalizeReload (642ms)
		ReleaseScriptCaches (0ms)
		RebuildScriptCaches (0ms)
		SetupLoadedEditorAssemblies (470ms)
			LogAssemblyErrors (0ms)
			InitializePlatformSupportModulesInManaged (2ms)
			SetLoadedEditorAssemblies (4ms)
			BeforeProcessingInitializeOnLoad (88ms)
			ProcessInitializeOnLoadAttributes (313ms)
			ProcessInitializeOnLoadMethodAttributes (58ms)
			AfterProcessingInitializeOnLoad (5ms)
			EditorAssembliesLoaded (0ms)
		ExecutionOrderSort2 (0ms)
		AwakeInstancesAfterBackupRestoration (14ms)
Refreshing native plugins compatible for Editor in 1.36 ms, found 3 plugins.
Preloading 0 native plugins for Editor in 0.00 ms.
Unloading 44 Unused Serialized files (Serialized files now loaded: 0)
Unloading 5960 unused Assets / (6.2 MB). Loaded Objects now: 6627.
Memory consumption went from 145.7 MB to 139.5 MB.
Total: 12.732000 ms (FindLiveObjects: 1.126700 ms CreateObjectMapping: 1.134900 ms MarkObjects: 6.154500 ms  DeleteObjects: 4.315100 ms)

Prepare: number of updated asset objects reloaded= 0
========================================================================
Received Import Request.
  Time since last request: 90.125451 seconds.
  path: Assets/LeartesStudios/Wills Room/Art/Meshes/Brush_0_AsStaticMesh.fbx
  artifactKey: Guid(abc00000000016769608156092461123) Importer(815301076,1909f56bfc062723c751e8b465ee728b)
Start importing Assets/LeartesStudios/Wills Room/Art/Meshes/Brush_0_AsStaticMesh.fbx using Guid(abc00000000016769608156092461123) Importer(815301076,1909f56bfc062723c751e8b465ee728b) (PreviewImporter) -> (artifact id: 'a7c6fff696267560566ee6fc8a1de4a8') in 4.2667678 seconds
Number of updated asset objects reloaded before import = 0Number of asset objects unloaded after import = 17

========================================================================
Received Import Request.
  Time since last request: 14.668554 seconds.
  path: Assets/LeartesStudios/Wills Room/Art/Meshes
  artifactKey: Guid(d5893a330d53842459372453ac7c6992) Importer(815301076,1909f56bfc062723c751e8b465ee728b)
Start importing Assets/LeartesStudios/Wills Room/Art/Meshes using Guid(d5893a330d53842459372453ac7c6992) Importer(815301076,1909f56bfc062723c751e8b465ee728b) (PreviewImporter) -> (artifact id: '029dc5672e857616eba8dc57e4e9f28a') in 0.0006266 seconds
Number of updated asset objects reloaded before import = 0Number of asset objects unloaded after import = 0

========================================================================
Received Import Request.
  Time since last request: 178.396937 seconds.
  path: Assets/LeartesStudios/Wills Room/Art/Meshes/SM_Drawers_Open.fbx
  artifactKey: Guid(abc00000000016410784431569400167) Importer(815301076,1909f56bfc062723c751e8b465ee728b)
Start importing Assets/LeartesStudios/Wills Room/Art/Meshes/SM_Drawers_Open.fbx using Guid(abc00000000016410784431569400167) Importer(815301076,1909f56bfc062723c751e8b465ee728b) (PreviewImporter) -> (artifact id: '7f00ca925256947f8fe04499925aef07') in 0.0561895 seconds
Number of updated asset objects reloaded before import = 0Number of asset objects unloaded after import = 36

========================================================================
Received Import Request.
  Time since last request: 116.853596 seconds.
  path: Assets/LeartesStudios/Wills Room/Art/Materials
  artifactKey: Guid(08f30e56126e9494fa9d0b90c00f809e) Importer(815301076,1909f56bfc062723c751e8b465ee728b)
Start importing Assets/LeartesStudios/Wills Room/Art/Materials using Guid(08f30e56126e9494fa9d0b90c00f809e) Importer(815301076,1909f56bfc062723c751e8b465ee728b) (PreviewImporter) -> (artifact id: 'ec9545bf7fd7b16213b80e689ff8d6f5') in 0.0014563 seconds
Number of updated asset objects reloaded before import = 0Number of asset objects unloaded after import = 0

========================================================================
Received Import Request.
  Time since last request: 285.918957 seconds.
  path: Assets/LeartesStudios/Wills Room/Art/Meshes/SM_TV.fbx
  artifactKey: Guid(abc00000000006259055657326019374) Importer(815301076,1909f56bfc062723c751e8b465ee728b)
Start importing Assets/LeartesStudios/Wills Room/Art/Meshes/SM_TV.fbx using Guid(abc00000000006259055657326019374) Importer(815301076,1909f56bfc062723c751e8b465ee728b) (PreviewImporter) -> (artifact id: 'b1f3ecb56eebf5a398b3563825e79921') in 0.231182 seconds
Number of updated asset objects reloaded before import = 0Number of asset objects unloaded after import = 37

========================================================================
Received Import Request.
  Time since last request: 324.550479 seconds.
  path: Assets/LeartesStudios/Wills Room/Art/Textures/T_BaseballBatandBall_B.PNG
  artifactKey: Guid(5b71f2ed5a1771640a43fef13cb90420) Importer(815301076,1909f56bfc062723c751e8b465ee728b)
Start importing Assets/LeartesStudios/Wills Room/Art/Textures/T_BaseballBatandBall_B.PNG using Guid(5b71f2ed5a1771640a43fef13cb90420) Importer(815301076,1909f56bfc062723c751e8b465ee728b) (PreviewImporter) -> (artifact id: 'fb9170e5fe2bab6cbba82b46b177b222') in 0.0275376 seconds
Number of updated asset objects reloaded before import = 0Number of asset objects unloaded after import = 2

========================================================================
Received Import Request.
  Time since last request: 0.000030 seconds.
  path: Assets/LeartesStudios/Wills Room/Art/Textures/T_BaseballBatandBall_N.png
  artifactKey: Guid(71b8c519195607b40b29f9767546f00a) Importer(815301076,1909f56bfc062723c751e8b465ee728b)
Start importing Assets/LeartesStudios/Wills Room/Art/Textures/T_BaseballBatandBall_N.png using Guid(71b8c519195607b40b29f9767546f00a) Importer(815301076,1909f56bfc062723c751e8b465ee728b) (PreviewImporter) -> (artifact id: 'a031c14a5abfe63f88cf6159374378ef') in 0.0228674 seconds
Number of updated asset objects reloaded before import = 0Number of asset objects unloaded after import = 2

========================================================================
Received Import Request.
  Time since last request: 66.315493 seconds.
  path: Assets/LeartesStudios/Wills Room/Art/Textures/T_Chair_B.PNG
  artifactKey: Guid(9ea91c52887bb5245acc1f4cf74b84f6) Importer(815301076,1909f56bfc062723c751e8b465ee728b)
Start importing Assets/LeartesStudios/Wills Room/Art/Textures/T_Chair_B.PNG using Guid(9ea91c52887bb5245acc1f4cf74b84f6) Importer(815301076,1909f56bfc062723c751e8b465ee728b) (PreviewImporter) -> (artifact id: 'e9a3c4f8b36e7f4c037b931c51f27854') in 0.0555024 seconds
Number of updated asset objects reloaded before import = 0Number of asset objects unloaded after import = 2

========================================================================
Received Import Request.
  Time since last request: 0.000022 seconds.
  path: Assets/LeartesStudios/Wills Room/Art/Textures/T_Duvet_01_Mask.PNG
  artifactKey: Guid(0a784e42de8d7f14889c8bcda9d25a5d) Importer(815301076,1909f56bfc062723c751e8b465ee728b)
Start importing Assets/LeartesStudios/Wills Room/Art/Textures/T_Duvet_01_Mask.PNG using Guid(0a784e42de8d7f14889c8bcda9d25a5d) Importer(815301076,1909f56bfc062723c751e8b465ee728b) (PreviewImporter) -> (artifact id: '00f6d8982eb73bdcbc3aa08d61a5af68') in 0.0418425 seconds
Number of updated asset objects reloaded before import = 0Number of asset objects unloaded after import = 2

========================================================================
Received Import Request.
  Time since last request: 0.000019 seconds.
  path: Assets/LeartesStudios/Wills Room/Art/Textures/T_Wallpaper_B.PNG
  artifactKey: Guid(b143549b6db9f4845ad12080b336feab) Importer(815301076,1909f56bfc062723c751e8b465ee728b)
Start importing Assets/LeartesStudios/Wills Room/Art/Textures/T_Wallpaper_B.PNG using Guid(b143549b6db9f4845ad12080b336feab) Importer(815301076,1909f56bfc062723c751e8b465ee728b) (PreviewImporter) -> (artifact id: '1774b9632fd6ed17b11bb42c1f09355e') in 0.057676 seconds
Number of updated asset objects reloaded before import = 0Number of asset objects unloaded after import = 2

========================================================================
Received Import Request.
  Time since last request: 0.000076 seconds.
  path: Assets/LeartesStudios/Wills Room/Art/Textures/T_Chair_Mask.PNG
  artifactKey: Guid(c446219fcb3f9d24bb7d463f26fd8c4b) Importer(815301076,1909f56bfc062723c751e8b465ee728b)
Start importing Assets/LeartesStudios/Wills Room/Art/Textures/T_Chair_Mask.PNG using Guid(c446219fcb3f9d24bb7d463f26fd8c4b) Importer(815301076,1909f56bfc062723c751e8b465ee728b) (PreviewImporter) -> (artifact id: '4d5117c3084ece022323dad46e3ebe80') in 0.0269514 seconds
Number of updated asset objects reloaded before import = 0Number of asset objects unloaded after import = 2

========================================================================
Received Import Request.
  Time since last request: 128.405845 seconds.
  path: Assets/LeartesStudios/Wills Room/Art/Textures/T_Duvet_ORM.PNG
  artifactKey: Guid(15636445f65c7004a9258018f77a6284) Importer(815301076,1909f56bfc062723c751e8b465ee728b)
Start importing Assets/LeartesStudios/Wills Room/Art/Textures/T_Duvet_ORM.PNG using Guid(15636445f65c7004a9258018f77a6284) Importer(815301076,1909f56bfc062723c751e8b465ee728b) (PreviewImporter) -> (artifact id: '9b33143295d723fd8cc3df85f6f11dc2') in 0.0514808 seconds
Number of updated asset objects reloaded before import = 0Number of asset objects unloaded after import = 2

========================================================================
Received Import Request.
  Time since last request: 0.000022 seconds.
  path: Assets/LeartesStudios/Wills Room/Art/Textures/T_Duvet_N.png
  artifactKey: Guid(d6daddbfce0fbd14cacdfe71b6cd17dc) Importer(815301076,1909f56bfc062723c751e8b465ee728b)
Start importing Assets/LeartesStudios/Wills Room/Art/Textures/T_Duvet_N.png using Guid(d6daddbfce0fbd14cacdfe71b6cd17dc) Importer(815301076,1909f56bfc062723c751e8b465ee728b) (PreviewImporter) -> (artifact id: '19142803339173faed032333f129391d') in 0.0224905 seconds
Number of updated asset objects reloaded before import = 0Number of asset objects unloaded after import = 2

========================================================================
Received Import Request.
  Time since last request: 0.000020 seconds.
  path: Assets/LeartesStudios/Wills Room/Art/Textures/T_Duvet_02_Mask.PNG
  artifactKey: Guid(4c70cfacaf15b9d469751be91bcdb1c4) Importer(815301076,1909f56bfc062723c751e8b465ee728b)
Start importing Assets/LeartesStudios/Wills Room/Art/Textures/T_Duvet_02_Mask.PNG using Guid(4c70cfacaf15b9d469751be91bcdb1c4) Importer(815301076,1909f56bfc062723c751e8b465ee728b) (PreviewImporter) -> (artifact id: '4e3d48a141a4e4a09928479cff8b2f1e') in 0.0140478 seconds
Number of updated asset objects reloaded before import = 0Number of asset objects unloaded after import = 2

========================================================================
Received Import Request.
  Time since last request: 1.721071 seconds.
  path: Assets/LeartesStudios/Wills Room/Art/Textures/T_Debris_ORM.PNG
  artifactKey: Guid(e9606dadd08ac4048a1a115f70013308) Importer(815301076,1909f56bfc062723c751e8b465ee728b)
Start importing Assets/LeartesStudios/Wills Room/Art/Textures/T_Debris_ORM.PNG using Guid(e9606dadd08ac4048a1a115f70013308) Importer(815301076,1909f56bfc062723c751e8b465ee728b) (PreviewImporter) -> (artifact id: '5cf95d40e95bde2c14fc2a92c5c732c6') in 0.017191 seconds
Number of updated asset objects reloaded before import = 0Number of asset objects unloaded after import = 2

========================================================================
Received Import Request.
  Time since last request: 0.000022 seconds.
  path: Assets/LeartesStudios/Wills Room/Art/Textures/T_Debris_N.png
  artifactKey: Guid(662adaa2bd4177546b3a92bf67b12a23) Importer(815301076,1909f56bfc062723c751e8b465ee728b)
Start importing Assets/LeartesStudios/Wills Room/Art/Textures/T_Debris_N.png using Guid(662adaa2bd4177546b3a92bf67b12a23) Importer(815301076,1909f56bfc062723c751e8b465ee728b) (PreviewImporter) -> (artifact id: 'dc97210734f9b1de0cf69d161481f922') in 0.0140604 seconds
Number of updated asset objects reloaded before import = 0Number of asset objects unloaded after import = 2

========================================================================
Received Import Request.
  Time since last request: 57.942958 seconds.
  path: Assets/LeartesStudios/Wills Room/Art/Textures/T_Poster_R.PNG
  artifactKey: Guid(12f38a72d06648f48ad8ab88d5d93cf7) Importer(815301076,1909f56bfc062723c751e8b465ee728b)
Start importing Assets/LeartesStudios/Wills Room/Art/Textures/T_Poster_R.PNG using Guid(12f38a72d06648f48ad8ab88d5d93cf7) Importer(815301076,1909f56bfc062723c751e8b465ee728b) (PreviewImporter) -> (artifact id: '63cf48b86c47c1814d0e7ae55e103d92') in 0.0391512 seconds
Number of updated asset objects reloaded before import = 0Number of asset objects unloaded after import = 2

========================================================================
Received Import Request.
  Time since last request: 0.000082 seconds.
  path: Assets/LeartesStudios/Wills Room/Art/Textures/T_Poster_02_N.png
  artifactKey: Guid(7eee218a9774ed646b863e3892bf9b7f) Importer(815301076,1909f56bfc062723c751e8b465ee728b)
Start importing Assets/LeartesStudios/Wills Room/Art/Textures/T_Poster_02_N.png using Guid(7eee218a9774ed646b863e3892bf9b7f) Importer(815301076,1909f56bfc062723c751e8b465ee728b) (PreviewImporter) -> (artifact id: 'f662af208f2d77be32e686dc5a7ec8e6') in 0.0261427 seconds
Number of updated asset objects reloaded before import = 0Number of asset objects unloaded after import = 2

========================================================================
Received Import Request.
  Time since last request: 214.192189 seconds.
  path: Assets/LeartesStudios/Wills Room/Art/Textures/T_Plant_Mask.PNG
  artifactKey: Guid(0d03b05e975a497468e11c1b91a87394) Importer(815301076,1909f56bfc062723c751e8b465ee728b)
Start importing Assets/LeartesStudios/Wills Room/Art/Textures/T_Plant_Mask.PNG using Guid(0d03b05e975a497468e11c1b91a87394) Importer(815301076,1909f56bfc062723c751e8b465ee728b) (PreviewImporter) -> (artifact id: '851bc2c235e912089dabf2406585aa3b') in 0.0284198 seconds
Number of updated asset objects reloaded before import = 0Number of asset objects unloaded after import = 2

========================================================================
Received Import Request.
  Time since last request: 0.000021 seconds.
  path: Assets/LeartesStudios/Wills Room/Art/Textures/T_Plant_N.png
  artifactKey: Guid(5e614ea4277004b4db48672ef09ade74) Importer(815301076,1909f56bfc062723c751e8b465ee728b)
Start importing Assets/LeartesStudios/Wills Room/Art/Textures/T_Plant_N.png using Guid(5e614ea4277004b4db48672ef09ade74) Importer(815301076,1909f56bfc062723c751e8b465ee728b) (PreviewImporter) -> (artifact id: 'ac70be403b61201e4f9063f930c2b875') in 0.0297066 seconds
Number of updated asset objects reloaded before import = 0Number of asset objects unloaded after import = 2

========================================================================
Received Import Request.
  Time since last request: 21.717157 seconds.
  path: Assets/LeartesStudios/Wills Room/Art/Textures/T_Poster_Base_B.PNG
  artifactKey: Guid(0e97ad1e7a98ede45bd6f287d010c197) Importer(815301076,1909f56bfc062723c751e8b465ee728b)
Start importing Assets/LeartesStudios/Wills Room/Art/Textures/T_Poster_Base_B.PNG using Guid(0e97ad1e7a98ede45bd6f287d010c197) Importer(815301076,1909f56bfc062723c751e8b465ee728b) (PreviewImporter) -> (artifact id: '1d323d0d97ffad14aedc9f6c4fe55bde') in 0.0152264 seconds
Number of updated asset objects reloaded before import = 0Number of asset objects unloaded after import = 2

========================================================================
Received Import Request.
  Time since last request: 37.053114 seconds.
  path: Assets/LeartesStudios/Wills Room/Art/Textures/T_Poster_01_N.png
  artifactKey: Guid(6a8812c10e5e9a7469a8848c579ebffa) Importer(815301076,1909f56bfc062723c751e8b465ee728b)
Start importing Assets/LeartesStudios/Wills Room/Art/Textures/T_Poster_01_N.png using Guid(6a8812c10e5e9a7469a8848c579ebffa) Importer(815301076,1909f56bfc062723c751e8b465ee728b) (PreviewImporter) -> (artifact id: '0c8f50f70c593d17d173826883f7ebd2') in 0.0174653 seconds
Number of updated asset objects reloaded before import = 0Number of asset objects unloaded after import = 2

========================================================================
Received Import Request.
  Time since last request: 3.626490 seconds.
  path: Assets/LeartesStudios/Wills Room/Art/Textures/T_Plane_N.png
  artifactKey: Guid(e28213f2b8b518e4585ea06044a790ea) Importer(815301076,1909f56bfc062723c751e8b465ee728b)
Start importing Assets/LeartesStudios/Wills Room/Art/Textures/T_Plane_N.png using Guid(e28213f2b8b518e4585ea06044a790ea) Importer(815301076,1909f56bfc062723c751e8b465ee728b) (PreviewImporter) -> (artifact id: '9874368c8b77ee0414fa55d61be97825') in 0.0175915 seconds
Number of updated asset objects reloaded before import = 0Number of asset objects unloaded after import = 2

========================================================================
Received Import Request.
  Time since last request: 2.492369 seconds.
  path: Assets/LeartesStudios/Wills Room/Art/Textures/T_StickerWall_01_Mask.PNG
  artifactKey: Guid(1719fc2bb7dca204ebd893cef067a95e) Importer(815301076,1909f56bfc062723c751e8b465ee728b)
Start importing Assets/LeartesStudios/Wills Room/Art/Textures/T_StickerWall_01_Mask.PNG using Guid(1719fc2bb7dca204ebd893cef067a95e) Importer(815301076,1909f56bfc062723c751e8b465ee728b) (PreviewImporter) -> (artifact id: '5443fe806fd64a95ca8a7c7040c5aded') in 0.0209246 seconds
Number of updated asset objects reloaded before import = 0Number of asset objects unloaded after import = 2

